2024-11-10 00:22:55,208 - INFO - Starting model loading process...
2024-11-10 00:22:55,215 - INFO - HuggingFace token found
2024-11-10 00:22:55,216 - INFO - Created offload directory at D:\IIT-Gandhinagar\offload_dir
2024-11-10 00:22:55,216 - INFO - CUDA available: True
2024-11-10 00:22:55,221 - INFO - GPU Model: NVIDIA GeForce RTX 3050 Ti Laptop GPU
2024-11-10 00:22:55,222 - INFO - GPU Memory: 4.00 GB
2024-11-10 00:22:55,222 - INFO - Python version: 3.12.3 (tags/v3.12.3:f6650f9, Apr  9 2024, 14:05:25) [MSC v.1938 64 bit (AMD64)]
2024-11-10 00:22:55,223 - INFO - PyTorch version: 2.5.1+cu121
2024-11-10 00:22:55,223 - INFO - Loading tokenizer...
2024-11-10 00:22:56,176 - INFO - Tokenizer loaded successfully
2024-11-10 00:22:56,177 - INFO - Configuring model quantization...
2024-11-10 00:22:56,185 - INFO - Loading base model...
2024-11-10 00:25:31,486 - INFO - Base model loaded successfully
2024-11-10 00:25:31,487 - INFO - Loading PEFT model...
2024-11-10 00:25:33,010 - INFO - PEFT model loaded successfully
2024-11-10 07:16:31,406 - INFO - Starting model loading process...
2024-11-10 07:16:31,406 - INFO - HuggingFace token found
2024-11-10 07:16:31,407 - INFO - Created offload directory at D:\IIT-Gandhinagar\offload_dir
2024-11-10 07:16:31,476 - INFO - CUDA available: True
2024-11-10 07:16:31,482 - INFO - GPU Model: NVIDIA GeForce RTX 3050 Ti Laptop GPU
2024-11-10 07:16:31,483 - INFO - GPU Memory: 4.00 GB
2024-11-10 07:16:31,483 - INFO - Python version: 3.12.3 (tags/v3.12.3:f6650f9, Apr  9 2024, 14:05:25) [MSC v.1938 64 bit (AMD64)]
2024-11-10 07:16:31,483 - INFO - PyTorch version: 2.5.1+cu121
2024-11-10 07:16:31,484 - INFO - Loading tokenizer...
2024-11-10 07:16:32,424 - INFO - Tokenizer loaded successfully
2024-11-10 07:16:32,424 - INFO - Configuring model quantization...
2024-11-10 07:16:32,426 - INFO - Loading base model...
2024-11-10 07:18:29,646 - INFO - Base model loaded successfully
2024-11-10 07:18:29,648 - INFO - Loading PEFT model...
2024-11-10 07:18:32,398 - INFO - PEFT model loaded successfully
2024-11-10 07:21:29,091 - INFO - Starting model loading process...
2024-11-10 07:21:29,091 - INFO - HuggingFace token found
2024-11-10 07:21:29,092 - INFO - Created offload directory at D:\IIT-Gandhinagar\offload_dir
2024-11-10 07:21:29,092 - INFO - CUDA available: True
2024-11-10 07:21:29,100 - INFO - GPU Model: NVIDIA GeForce RTX 3050 Ti Laptop GPU
2024-11-10 07:21:29,100 - INFO - GPU Memory: 4.00 GB
2024-11-10 07:21:29,100 - INFO - Python version: 3.12.3 (tags/v3.12.3:f6650f9, Apr  9 2024, 14:05:25) [MSC v.1938 64 bit (AMD64)]
2024-11-10 07:21:29,101 - INFO - PyTorch version: 2.5.1+cu121
2024-11-10 07:21:29,101 - INFO - Loading tokenizer...
2024-11-10 07:21:29,515 - INFO - Tokenizer loaded successfully
2024-11-10 07:21:29,516 - INFO - Configuring model quantization...
2024-11-10 07:21:29,519 - INFO - Loading base model...
2024-11-10 07:24:25,400 - INFO - Base model loaded successfully
2024-11-10 07:24:25,402 - INFO - Loading PEFT model...
2024-11-10 07:24:26,875 - INFO - PEFT model loaded successfully
